Log file open, 11/28/20 18:03:57
LogInit: Display: Running engine for game: ActionRPG
LogPlatformFile: Not using cached read wrapper
LogTaskGraph: Started task graph with 5 named threads and 23 total threads with 3 sets of task threads.
LogStats: Stats thread started at 0.957086
LogD3D11RHI: Loaded GFSDK_Aftermath_Lib.x64.dll
LogICUInternationalization: ICU TimeZone Detection - Raw Offset: +8:00, Platform Override: ''
LogPluginManager: Mounting plugin Paper2D
LogPluginManager: Mounting plugin AISupport
LogPluginManager: Mounting plugin CameraShakePreviewer
LogPluginManager: Mounting plugin ActorLayerUtilities
LogPluginManager: Mounting plugin AnimationSharing
LogPluginManager: Mounting plugin CLionSourceCodeAccess
LogPluginManager: Mounting plugin CodeLiteSourceCodeAccess
LogPluginManager: Mounting plugin GitSourceControl
LogPluginManager: Mounting plugin KDevelopSourceCodeAccess
LogPluginManager: Mounting plugin NullSourceCodeAccess
LogPluginManager: Mounting plugin PerforceSourceControl
LogPluginManager: Mounting plugin PlasticSourceControl
LogPluginManager: Mounting plugin RiderSourceCodeAccess
LogPluginManager: Mounting plugin SubversionSourceControl
LogPluginManager: Mounting plugin VisualStudioCodeSourceCodeAccess
LogPluginManager: Mounting plugin VisualStudioSourceCodeAccess
LogPluginManager: Mounting plugin XCodeSourceCodeAccess
LogPluginManager: Mounting plugin AssetManagerEditor
LogPluginManager: Mounting plugin CurveEditorTools
LogPluginManager: Mounting plugin EditorScriptingUtilities
LogPluginManager: Mounting plugin GameplayTagsEditor
LogPluginManager: Mounting plugin GeometryMode
LogPluginManager: Mounting plugin MacGraphicsSwitching
LogPluginManager: Mounting plugin MaterialAnalyzer
LogPluginManager: Mounting plugin MobileLauncherProfileWizard
LogPluginManager: Mounting plugin PluginBrowser
LogPluginManager: Mounting plugin SpeedTreeImporter
LogPluginManager: Mounting plugin VariantManagerContent
LogPluginManager: Mounting plugin AutomationUtils
LogPluginManager: Mounting plugin BackChannel
LogPluginManager: Mounting plugin ChaosCloth
LogPluginManager: Mounting plugin ChaosClothEditor
LogPluginManager: Mounting plugin ChaosNiagara
LogPluginManager: Mounting plugin ChaosSolverPlugin
LogPluginManager: Mounting plugin GeometryProcessing
LogPluginManager: Mounting plugin PlatformCrypto
LogPluginManager: Mounting plugin ProxyLODPlugin
LogPluginManager: Mounting plugin SkeletalReduction
LogPluginManager: Mounting plugin Niagara
LogPluginManager: Mounting plugin MagicLeapPassableWorld
LogPluginManager: Mounting plugin MLSDK
LogPluginManager: Mounting plugin AndroidMedia
LogPluginManager: Mounting plugin AvfMedia
LogPluginManager: Mounting plugin ImgMedia
LogPluginManager: Mounting plugin MediaPlayerEditor
LogPluginManager: Mounting plugin WebMMedia
LogPluginManager: Mounting plugin MeshPainting
LogPluginManager: Mounting plugin TcpMessaging
LogPluginManager: Mounting plugin UdpMessaging
LogPluginManager: Mounting plugin ActorSequence
LogPluginManager: Mounting plugin LevelSequenceEditor
LogPluginManager: Mounting plugin MatineeToLevelSequence
LogPluginManager: Mounting plugin MovieRenderPipeline
LogPluginManager: Mounting plugin TemplateSequence
LogPluginManager: Mounting plugin NetcodeUnitTest
LogPluginManager: Mounting plugin NUTUnrealEngine4
LogPluginManager: Mounting plugin OnlineSubsystemGooglePlay
LogPluginManager: Mounting plugin OnlineSubsystemIOS
LogPluginManager: Mounting plugin OnlineSubsystem
LogPluginManager: Mounting plugin OnlineSubsystemNull
LogPluginManager: Mounting plugin OnlineSubsystemUtils
LogPluginManager: Mounting plugin LauncherChunkInstaller
LogPluginManager: Mounting plugin AndroidDeviceProfileSelector
LogPluginManager: Mounting plugin AndroidMoviePlayer
LogPluginManager: Mounting plugin AndroidPermission
LogPluginManager: Mounting plugin AppleImageUtils
LogPluginManager: Mounting plugin AppleMoviePlayer
LogPluginManager: Mounting plugin AssetTags
LogPluginManager: Mounting plugin EditableMesh
LogPluginManager: Mounting plugin ExampleDeviceProfileSelector
LogPluginManager: Mounting plugin GameplayAbilities
LogPluginManager: Mounting plugin GoogleCloudMessaging
LogPluginManager: Mounting plugin GooglePAD
LogPluginManager: Mounting plugin IOSDeviceProfileSelector
LogPluginManager: Mounting plugin LinuxDeviceProfileSelector
LogPluginManager: Mounting plugin MobilePatchingUtils
LogPluginManager: Mounting plugin PostSplashScreen
LogPluginManager: Mounting plugin SignificanceManager
LogPluginManager: Mounting plugin SoundFields
LogPluginManager: Mounting plugin Synthesis
LogPluginManager: Mounting plugin WebMMoviePlayer
LogPluginManager: Mounting plugin SlateRemote
LogPluginManager: Mounting plugin ScreenshotTools
LogInit: Using libcurl 7.55.1-DEV
LogInit:  - built for x86_64-pc-win32
LogInit:  - supports SSL with OpenSSL/1.1.1
LogInit:  - supports HTTP deflate (compression) using libz 1.2.8
LogInit:  - other features:
LogInit:      CURL_VERSION_SSL
LogInit:      CURL_VERSION_LIBZ
LogInit:      CURL_VERSION_IPV6
LogInit:      CURL_VERSION_ASYNCHDNS
LogInit:      CURL_VERSION_LARGEFILE
LogInit:      CURL_VERSION_IDN
LogInit:  CurlRequestOptions (configurable via config and command line):
LogInit:  - bVerifyPeer = true  - Libcurl will verify peer certificate
LogInit:  - bUseHttpProxy = false  - Libcurl will NOT use HTTP proxy
LogInit:  - bDontReuseConnections = false  - Libcurl will reuse connections
LogInit:  - MaxHostConnections = 16  - Libcurl will limit the number of connections to a host
LogInit:  - LocalHostAddr = Default
LogInit:  - BufferSize = 65536
LogOnline: OSS: Creating online subsystem instance for: NULL
LogInit: WinSock: version 1.1 (2.2), MaxSocks=32767, MaxUdp=65467
LogOnline: OSS: TryLoadSubsystemAndSetDefault: Loaded subsystem for module [NULL]
LogInit: Build: ++UE4+Release-4.25-CL-13942748
LogInit: Engine Version: 4.25.3-13942748+++UE4+Release-4.25
LogInit: Compatible Engine Version: 4.25.0-13144385+++UE4+Release-4.25
LogInit: Net CL: 13144385
LogInit: OS: Windows 10 (Release 1909) (), CPU: Intel(R) Core(TM) i7-4790 CPU @ 3.60GHz, GPU: NVIDIA GeForce GTX 1070
LogInit: Compiled (64-bit): Jul 25 2020 02:07:48
LogInit: Compiled with Visual C++: 19.24.28315.00
LogInit: Build Configuration: Development
LogInit: Branch Name: ++UE4+Release-4.25
LogInit: Command Line:  -skipcompile
LogInit: Base Directory: G:/Epic Games/UE_4.25/Engine/Binaries/Win64/
LogInit: Allocator: TBB
LogInit: Installed Engine Build: 1
LogDevObjectVersion: Number of dev versions registered: 26
LogDevObjectVersion:   Dev-Blueprints (B0D832E4-1F89-4F0D-ACCF-7EB736FD4AA2): 10
LogDevObjectVersion:   Dev-Build (E1C64328-A22C-4D53-A36C-8E866417BD8C): 0
LogDevObjectVersion:   Dev-Core (375EC13C-06E4-48FB-B500-84F0262A717E): 4
LogDevObjectVersion:   Dev-Editor (E4B068ED-F494-42E9-A231-DA0B2E46BB41): 38
LogDevObjectVersion:   Dev-Framework (CFFC743F-43B0-4480-9391-14DF171D2073): 37
LogDevObjectVersion:   Dev-Mobile (B02B49B5-BB20-44E9-A304-32B752E40360): 2
LogDevObjectVersion:   Dev-Networking (A4E4105C-59A1-49B5-A7C5-40C4547EDFEE): 0
LogDevObjectVersion:   Dev-Online (39C831C9-5AE6-47DC-9A44-9C173E1C8E7C): 0
LogDevObjectVersion:   Dev-Physics (78F01B33-EBEA-4F98-B9B4-84EACCB95AA2): 4
LogDevObjectVersion:   Dev-Platform (6631380F-2D4D-43E0-8009-CF276956A95A): 0
LogDevObjectVersion:   Dev-Rendering (12F88B9F-8875-4AFC-A67C-D90C383ABD29): 43
LogDevObjectVersion:   Dev-Sequencer (7B5AE74C-D270-4C10-A958-57980B212A5A): 12
LogDevObjectVersion:   Dev-VR (D7296918-1DD6-4BDD-9DE2-64A83CC13884): 3
LogDevObjectVersion:   Dev-LoadTimes (C2A15278-BFE7-4AFE-6C17-90FF531DF755): 1
LogDevObjectVersion:   Private-Geometry (6EACA3D4-40EC-4CC1-B786-8BED09428FC5): 3
LogDevObjectVersion:   Dev-AnimPhys (29E575DD-E0A3-4627-9D10-D276232CDCEA): 17
LogDevObjectVersion:   Dev-Anim (AF43A65D-7FD3-4947-9873-3E8ED9C1BB05): 7
LogDevObjectVersion:   Dev-ReflectionCapture (6B266CEC-1EC7-4B8F-A30B-E4D90942FC07): 1
LogDevObjectVersion:   Dev-Automation (0DF73D61-A23F-47EA-B727-89E90C41499A): 1
LogDevObjectVersion:   FortniteMain (601D1886-AC64-4F84-AA16-D3DE0DEAC7D6): 31
LogDevObjectVersion:   Dev-Enterprise (9DFFBCD6-494F-0158-E221-12823C92A888): 10
LogDevObjectVersion:   Dev-Niagara (F2AED0AC-9AFE-416F-8664-AA7FFA26D6FC): 1
LogDevObjectVersion:   Dev-Destruction (174F1F0B-B4C6-45A5-B13F-2EE8D0FB917D): 10
LogDevObjectVersion:   Dev-Physics-Ext (35F94A83-E258-406C-A318-09F59610247C): 37
LogDevObjectVersion:   Dev-PhysicsMaterial-Chaos (B68FC16E-8B1B-42E2-B453-215C058844FE): 1
LogDevObjectVersion:   Dev-CineCamera (B2E18506-4273-CFC2-A54E-F4BB758BBA07): 1
LogInit: Presizing for max 25165824 objects, including 0 objects not considered by GC, pre-allocating 0 bytes for permanent pool.
LogConfig: Applying CVar settings from Section [/Script/Engine.StreamingSettings] File [I:/UnrealProjects/ActionRPG/Saved/Config/Windows/Engine.ini]
LogConfig: Setting CVar [[s.MinBulkDataSizeForAsyncLoading:131072]]
LogConfig: Setting CVar [[s.AsyncLoadingThreadEnabled:0]]
LogConfig: Setting CVar [[s.EventDrivenLoaderEnabled:1]]
LogConfig: Setting CVar [[s.WarnIfTimeLimitExceeded:0]]
LogConfig: Setting CVar [[s.TimeLimitExceededMultiplier:1.5]]
LogConfig: Setting CVar [[s.TimeLimitExceededMinTime:0.005]]
LogConfig: Setting CVar [[s.UseBackgroundLevelStreaming:1]]
LogConfig: Setting CVar [[s.PriorityAsyncLoadingExtraTime:15.0]]
LogConfig: Setting CVar [[s.LevelStreamingActorsUpdateTimeLimit:5.0]]
LogConfig: Setting CVar [[s.PriorityLevelStreamingActorsUpdateExtraTime:5.0]]
LogConfig: Setting CVar [[s.LevelStreamingComponentsRegistrationGranularity:10]]
LogConfig: Setting CVar [[s.UnregisterComponentsTimeLimit:1.0]]
LogConfig: Setting CVar [[s.LevelStreamingComponentsUnregistrationGranularity:5]]
LogConfig: Setting CVar [[s.FlushStreamingOnExit:1]]
LogInit: Object subsystem initialized
LogConfig: Setting CVar [[con.DebugEarlyDefault:1]]
LogConfig: Setting CVar [[r.setres:1280x720]]
[2020.11.28-10.03.58:815][  0]LogConfig: Setting CVar [[r.VSync:0]]
[2020.11.28-10.03.58:815][  0]LogConfig: Setting CVar [[r.RHICmdBypass:0]]
[2020.11.28-10.03.58:815][  0]LogConfig: Applying CVar settings from Section [/Script/Engine.RendererSettings] File [I:/UnrealProjects/ActionRPG/Saved/Config/Windows/Engine.ini]
[2020.11.28-10.03.58:815][  0]LogConfig: Setting CVar [[r.GPUCrashDebugging:0]]
[2020.11.28-10.03.58:815][  0]LogConfig: Setting CVar [[r.Mobile.TonemapperFilm:1]]
[2020.11.28-10.03.58:815][  0]LogConfig: Setting CVar [[r.MobileHDR:1]]
[2020.11.28-10.03.58:816][  0]LogConfig: Setting CVar [[r.AllowOcclusionQueries:1]]
[2020.11.28-10.03.58:816][  0]LogConfig: Setting CVar [[r.MinScreenRadiusForLights:0.030000]]
[2020.11.28-10.03.58:816][  0]LogConfig: Setting CVar [[r.MinScreenRadiusForDepthPrepass:0.030000]]
[2020.11.28-10.03.58:816][  0]LogConfig: Setting CVar [[r.PrecomputedVisibilityWarning:0]]
[2020.11.28-10.03.58:816][  0]LogConfig: Setting CVar [[r.TextureStreaming:1]]
[2020.11.28-10.03.58:816][  0]LogConfig: Setting CVar [[Compat.UseDXT5NormalMaps:0]]
[2020.11.28-10.03.58:816][  0]LogConfig: Setting CVar [[r.AllowStaticLighting:1]]
[2020.11.28-10.03.58:816][  0]LogConfig: Setting CVar [[r.NormalMapsForStaticLighting:0]]
[2020.11.28-10.03.58:816][  0]LogConfig: Setting CVar [[r.GenerateMeshDistanceFields:0]]
[2020.11.28-10.03.58:816][  0]LogConfig: Setting CVar [[r.TessellationAdaptivePixelsPerTriangle:48.000000]]
[2020.11.28-10.03.58:816][  0]LogConfig: Setting CVar [[r.SeparateTranslucency:0]]
[2020.11.28-10.03.58:816][  0]LogConfig: Setting CVar [[r.TranslucentSortPolicy:0]]
[2020.11.28-10.03.58:816][  0]LogConfig: Setting CVar [[r.CustomDepth:1]]
[2020.11.28-10.03.58:816][  0]LogConfig: Setting CVar [[r.DefaultFeature.Bloom:1]]
[2020.11.28-10.03.58:816][  0]LogConfig: Setting CVar [[r.DefaultFeature.AmbientOcclusion:0]]
[2020.11.28-10.03.58:816][  0]LogConfig: Setting CVar [[r.DefaultFeature.AmbientOcclusionStaticFraction:1]]
[2020.11.28-10.03.58:816][  0]LogConfig: Setting CVar [[r.DefaultFeature.AutoExposure:0]]
[2020.11.28-10.03.58:816][  0]LogConfig: Setting CVar [[r.DefaultFeature.MotionBlur:0]]
[2020.11.28-10.03.58:816][  0]LogConfig: Setting CVar [[r.DefaultFeature.LensFlare:0]]
[2020.11.28-10.03.58:816][  0]LogConfig: Setting CVar [[r.DefaultFeature.AntiAliasing:2]]
[2020.11.28-10.03.58:816][  0]LogConfig: Setting CVar [[r.EarlyZPass:3]]
[2020.11.28-10.03.58:816][  0]LogConfig: Setting CVar [[r.DBuffer:0]]
[2020.11.28-10.03.58:816][  0]LogConfig: Setting CVar [[r.ClearSceneMethod:1]]
[2020.11.28-10.03.58:817][  0]LogConfig: Setting CVar [[r.WireframeCullThreshold:5.000000]]
[2020.11.28-10.03.58:817][  0]LogConfig: Setting CVar [[r.MobileMSAA:2]]
[2020.11.28-10.03.58:817][  0]LogConfig: Setting CVar [[r.ReflectionCaptureResolution:64]]
[2020.11.28-10.03.58:817][  0]LogConfig: Setting CVar [[r.Mobile.DisableVertexFog:0]]
[2020.11.28-10.03.58:817][  0]LogConfig: Setting CVar [[r.ReflectionEnvironmentLightmapMixBasedOnRoughness:0]]
[2020.11.28-10.03.58:817][  0]LogConfig: Setting CVar [[r.Mobile.UseLegacyShadingModel:0]]
[2020.11.28-10.03.58:817][  0]LogConfig: Setting CVar [[r.ShaderPipelineCache.Enabled:1]]
[2020.11.28-10.03.58:817][  0]LogConfig: Setting CVar [[r.Mobile.AllowDitheredLODTransition:1]]
[2020.11.28-10.03.58:817][  0]LogConfig: Applying CVar settings from Section [/Script/Engine.RendererOverrideSettings] File [I:/UnrealProjects/ActionRPG/Saved/Config/Windows/Engine.ini]
[2020.11.28-10.03.58:817][  0]LogConfig: Applying CVar settings from Section [/Script/Engine.StreamingSettings] File [I:/UnrealProjects/ActionRPG/Saved/Config/Windows/Engine.ini]
[2020.11.28-10.03.58:817][  0]LogConfig: Setting CVar [[s.MinBulkDataSizeForAsyncLoading:131072]]
[2020.11.28-10.03.58:817][  0]LogConfig: Setting CVar [[s.AsyncLoadingThreadEnabled:0]]
[2020.11.28-10.03.58:817][  0]LogConfig: Setting CVar [[s.EventDrivenLoaderEnabled:1]]
[2020.11.28-10.03.58:817][  0]LogConfig: Setting CVar [[s.WarnIfTimeLimitExceeded:0]]
[2020.11.28-10.03.58:817][  0]LogConfig: Setting CVar [[s.TimeLimitExceededMultiplier:1.5]]
[2020.11.28-10.03.58:817][  0]LogConfig: Setting CVar [[s.TimeLimitExceededMinTime:0.005]]
[2020.11.28-10.03.58:817][  0]LogConfig: Setting CVar [[s.UseBackgroundLevelStreaming:1]]
[2020.11.28-10.03.58:817][  0]LogConfig: Setting CVar [[s.PriorityAsyncLoadingExtraTime:15.0]]
[2020.11.28-10.03.58:817][  0]LogConfig: Setting CVar [[s.LevelStreamingActorsUpdateTimeLimit:5.0]]
[2020.11.28-10.03.58:817][  0]LogConfig: Setting CVar [[s.PriorityLevelStreamingActorsUpdateExtraTime:5.0]]
[2020.11.28-10.03.58:818][  0]LogConfig: Setting CVar [[s.LevelStreamingComponentsRegistrationGranularity:10]]
[2020.11.28-10.03.58:818][  0]LogConfig: Setting CVar [[s.UnregisterComponentsTimeLimit:1.0]]
[2020.11.28-10.03.58:818][  0]LogConfig: Setting CVar [[s.LevelStreamingComponentsUnregistrationGranularity:5]]
[2020.11.28-10.03.58:818][  0]LogConfig: Setting CVar [[s.FlushStreamingOnExit:1]]
[2020.11.28-10.03.58:818][  0]LogConfig: Applying CVar settings from Section [/Script/Engine.GarbageCollectionSettings] File [I:/UnrealProjects/ActionRPG/Saved/Config/Windows/Engine.ini]
[2020.11.28-10.03.58:818][  0]LogConfig: Setting CVar [[gc.MaxObjectsNotConsideredByGC:1]]
[2020.11.28-10.03.58:818][  0]LogConfig: Setting CVar [[gc.SizeOfPermanentObjectPool:0]]
[2020.11.28-10.03.58:818][  0]LogConfig: Setting CVar [[gc.FlushStreamingOnGC:0]]
[2020.11.28-10.03.58:818][  0]LogConfig: Setting CVar [[gc.NumRetriesBeforeForcingGC:10]]
[2020.11.28-10.03.58:818][  0]LogConfig: Setting CVar [[gc.AllowParallelGC:1]]
[2020.11.28-10.03.58:818][  0]LogConfig: Setting CVar [[gc.TimeBetweenPurgingPendingKillObjects:61.1]]
[2020.11.28-10.03.58:818][  0]LogConfig: Setting CVar [[gc.MaxObjectsInEditor:25165824]]
[2020.11.28-10.03.58:818][  0]LogConfig: Setting CVar [[gc.IncrementalBeginDestroyEnabled:1]]
[2020.11.28-10.03.58:818][  0]LogConfig: Setting CVar [[gc.CreateGCClusters:1]]
[2020.11.28-10.03.58:818][  0]LogConfig: Setting CVar [[gc.MinGCClusterSize:5]]
[2020.11.28-10.03.58:818][  0]LogConfig: Setting CVar [[gc.ActorClusteringEnabled:0]]
[2020.11.28-10.03.58:819][  0]LogConfig: Setting CVar [[gc.BlueprintClusteringEnabled:0]]
[2020.11.28-10.03.58:819][  0]LogConfig: Setting CVar [[gc.UseDisregardForGCOnDedicatedServers:0]]
[2020.11.28-10.03.58:819][  0]LogConfig: Applying CVar settings from Section [/Script/Engine.NetworkSettings] File [I:/UnrealProjects/ActionRPG/Saved/Config/Windows/Engine.ini]
[2020.11.28-10.03.58:819][  0]LogConfig: Applying CVar settings from Section [/Script/UnrealEd.CookerSettings] File [I:/UnrealProjects/ActionRPG/Saved/Config/Windows/Engine.ini]
[2020.11.28-10.03.58:829][  0]LogConfig: Applying CVar settings from Section [ViewDistanceQuality@3] File [I:/UnrealProjects/ActionRPG/Saved/Config/Windows/Scalability.ini]
[2020.11.28-10.03.58:829][  0]LogConfig: Setting CVar [[r.SkeletalMeshLODBias:0]]
[2020.11.28-10.03.58:829][  0]LogConfig: Setting CVar [[r.ViewDistanceScale:1.0]]
[2020.11.28-10.03.58:829][  0]LogConfig: Applying CVar settings from Section [AntiAliasingQuality@3] File [I:/UnrealProjects/ActionRPG/Saved/Config/Windows/Scalability.ini]
[2020.11.28-10.03.58:830][  0]LogConfig: Setting CVar [[r.PostProcessAAQuality:4]]
[2020.11.28-10.03.58:830][  0]LogConfig: Applying CVar settings from Section [ShadowQuality@3] File [I:/UnrealProjects/ActionRPG/Saved/Config/Windows/Scalability.ini]
[2020.11.28-10.03.58:830][  0]LogConfig: Setting CVar [[r.LightFunctionQuality:1]]
[2020.11.28-10.03.58:830][  0]LogConfig: Setting CVar [[r.ShadowQuality:5]]
[2020.11.28-10.03.58:830][  0]LogConfig: Setting CVar [[r.Shadow.CSM.MaxCascades:10]]
[2020.11.28-10.03.58:830][  0]LogConfig: Setting CVar [[r.Shadow.MaxResolution:2048]]
[2020.11.28-10.03.58:830][  0]LogConfig: Setting CVar [[r.Shadow.MaxCSMResolution:2048]]
[2020.11.28-10.03.58:830][  0]LogConfig: Setting CVar [[r.Shadow.RadiusThreshold:0.01]]
[2020.11.28-10.03.58:830][  0]LogConfig: Setting CVar [[r.Shadow.DistanceScale:1.0]]
[2020.11.28-10.03.58:830][  0]LogConfig: Setting CVar [[r.Shadow.CSM.TransitionScale:1.0]]
[2020.11.28-10.03.58:830][  0]LogConfig: Setting CVar [[r.Shadow.PreShadowResolutionFactor:1.0]]
[2020.11.28-10.03.58:830][  0]LogConfig: Setting CVar [[r.DistanceFieldShadowing:1]]
[2020.11.28-10.03.58:830][  0]LogConfig: Setting CVar [[r.DistanceFieldAO:1]]
[2020.11.28-10.03.58:830][  0]LogConfig: Setting CVar [[r.AOQuality:2]]
[2020.11.28-10.03.58:830][  0]LogConfig: Setting CVar [[r.VolumetricFog:1]]
[2020.11.28-10.03.58:830][  0]LogConfig: Setting CVar [[r.VolumetricFog.GridPixelSize:8]]
[2020.11.28-10.03.58:830][  0]LogConfig: Setting CVar [[r.VolumetricFog.GridSizeZ:128]]
[2020.11.28-10.03.58:830][  0]LogConfig: Setting CVar [[r.VolumetricFog.HistoryMissSupersampleCount:4]]
[2020.11.28-10.03.58:830][  0]LogConfig: Setting CVar [[r.LightMaxDrawDistanceScale:1]]
[2020.11.28-10.03.58:830][  0]LogConfig: Setting CVar [[r.CapsuleShadows:1]]
[2020.11.28-10.03.58:830][  0]LogConfig: Applying CVar settings from Section [PostProcessQuality@3] File [I:/UnrealProjects/ActionRPG/Saved/Config/Windows/Scalability.ini]
[2020.11.28-10.03.58:831][  0]LogConfig: Setting CVar [[r.MotionBlurQuality:4]]
[2020.11.28-10.03.58:831][  0]LogConfig: Setting CVar [[r.AmbientOcclusionMipLevelFactor:0.4]]
[2020.11.28-10.03.58:831][  0]LogConfig: Setting CVar [[r.AmbientOcclusionMaxQuality:100]]
[2020.11.28-10.03.58:831][  0]LogConfig: Setting CVar [[r.AmbientOcclusionLevels:-1]]
[2020.11.28-10.03.58:831][  0]LogConfig: Setting CVar [[r.AmbientOcclusionRadiusScale:1.0]]
[2020.11.28-10.03.58:831][  0]LogConfig: Setting CVar [[r.DepthOfFieldQuality:2]]
[2020.11.28-10.03.58:831][  0]LogConfig: Setting CVar [[r.RenderTargetPoolMin:400]]
[2020.11.28-10.03.58:831][  0]LogConfig: Setting CVar [[r.LensFlareQuality:2]]
[2020.11.28-10.03.58:831][  0]LogConfig: Setting CVar [[r.SceneColorFringeQuality:1]]
[2020.11.28-10.03.58:831][  0]LogConfig: Setting CVar [[r.EyeAdaptationQuality:2]]
[2020.11.28-10.03.58:831][  0]LogConfig: Setting CVar [[r.BloomQuality:5]]
[2020.11.28-10.03.58:831][  0]LogConfig: Setting CVar [[r.FastBlurThreshold:100]]
[2020.11.28-10.03.58:831][  0]LogConfig: Setting CVar [[r.Upscale.Quality:3]]
[2020.11.28-10.03.58:831][  0]LogConfig: Setting CVar [[r.Tonemapper.GrainQuantization:1]]
[2020.11.28-10.03.58:831][  0]LogConfig: Setting CVar [[r.LightShaftQuality:1]]
[2020.11.28-10.03.58:831][  0]LogConfig: Setting CVar [[r.Filter.SizeScale:1]]
[2020.11.28-10.03.58:831][  0]LogConfig: Setting CVar [[r.Tonemapper.Quality:5]]
[2020.11.28-10.03.58:831][  0]LogConfig: Setting CVar [[r.DOF.Gather.AccumulatorQuality:1        ; higher gathering accumulator quality]]
[2020.11.28-10.03.58:832][  0]LogConfig: Setting CVar [[r.DOF.Gather.PostfilterMethod:1          ; Median3x3 postfilering method]]
[2020.11.28-10.03.58:832][  0]LogConfig: Setting CVar [[r.DOF.Gather.EnableBokehSettings:0       ; no bokeh simulation when gathering]]
[2020.11.28-10.03.58:832][  0]LogConfig: Setting CVar [[r.DOF.Gather.RingCount:4                 ; medium number of samples when gathering]]
[2020.11.28-10.03.58:832][  0]LogConfig: Setting CVar [[r.DOF.Scatter.ForegroundCompositing:1    ; additive foreground scattering]]
[2020.11.28-10.03.58:832][  0]LogConfig: Setting CVar [[r.DOF.Scatter.BackgroundCompositing:2    ; additive background scattering]]
[2020.11.28-10.03.58:832][  0]LogConfig: Setting CVar [[r.DOF.Scatter.EnableBokehSettings:1      ; bokeh simulation when scattering]]
[2020.11.28-10.03.58:832][  0]LogConfig: Setting CVar [[r.DOF.Scatter.MaxSpriteRatio:0.1         ; only a maximum of 10% of scattered bokeh]]
[2020.11.28-10.03.58:832][  0]LogConfig: Setting CVar [[r.DOF.Recombine.Quality:1                ; cheap slight out of focus]]
[2020.11.28-10.03.58:832][  0]LogConfig: Setting CVar [[r.DOF.Recombine.EnableBokehSettings:0    ; no bokeh simulation on slight out of focus]]
[2020.11.28-10.03.58:832][  0]LogConfig: Setting CVar [[r.DOF.TemporalAAQuality:1                ; more stable temporal accumulation]]
[2020.11.28-10.03.58:832][  0]LogConfig: Setting CVar [[r.DOF.Kernel.MaxForegroundRadius:0.025]]
[2020.11.28-10.03.58:832][  0]LogConfig: Setting CVar [[r.DOF.Kernel.MaxBackgroundRadius:0.025]]
[2020.11.28-10.03.58:832][  0]LogConfig: Applying CVar settings from Section [TextureQuality@3] File [I:/UnrealProjects/ActionRPG/Saved/Config/Windows/Scalability.ini]
[2020.11.28-10.03.58:832][  0]LogConfig: Setting CVar [[r.Streaming.MipBias:0]]
[2020.11.28-10.03.58:832][  0]LogConfig: Setting CVar [[r.Streaming.AmortizeCPUToGPUCopy:0]]
[2020.11.28-10.03.58:832][  0]LogConfig: Setting CVar [[r.Streaming.MaxNumTexturesToStreamPerFrame:0]]
[2020.11.28-10.03.58:832][  0]LogConfig: Setting CVar [[r.Streaming.Boost:1]]
[2020.11.28-10.03.58:832][  0]LogConfig: Setting CVar [[r.MaxAnisotropy:8]]
[2020.11.28-10.03.58:832][  0]LogConfig: Setting CVar [[r.VT.MaxAnisotropy:8]]
[2020.11.28-10.03.58:832][  0]LogConfig: Setting CVar [[r.Streaming.LimitPoolSizeToVRAM:0]]
[2020.11.28-10.03.58:832][  0]LogConfig: Setting CVar [[r.Streaming.PoolSize:1000]]
[2020.11.28-10.03.58:832][  0]LogConfig: Setting CVar [[r.Streaming.MaxEffectiveScreenSize:0]]
[2020.11.28-10.03.58:833][  0]LogConfig: Applying CVar settings from Section [EffectsQuality@3] File [I:/UnrealProjects/ActionRPG/Saved/Config/Windows/Scalability.ini]
[2020.11.28-10.03.58:833][  0]LogConfig: Setting CVar [[r.TranslucencyLightingVolumeDim:64]]
[2020.11.28-10.03.58:833][  0]LogConfig: Setting CVar [[r.RefractionQuality:2]]
[2020.11.28-10.03.58:833][  0]LogConfig: Setting CVar [[r.SSR.Quality:3]]
[2020.11.28-10.03.58:833][  0]LogConfig: Setting CVar [[r.SSR.HalfResSceneColor:0]]
[2020.11.28-10.03.58:833][  0]LogConfig: Setting CVar [[r.SceneColorFormat:4]]
[2020.11.28-10.03.58:833][  0]LogConfig: Setting CVar [[r.DetailMode:2]]
[2020.11.28-10.03.58:833][  0]LogConfig: Setting CVar [[r.TranslucencyVolumeBlur:1]]
[2020.11.28-10.03.58:833][  0]LogConfig: Setting CVar [[r.MaterialQualityLevel:1 ; High quality]]
[2020.11.28-10.03.58:833][  0]LogConfig: Setting CVar [[r.SSS.Scale:1]]
[2020.11.28-10.03.58:833][  0]LogConfig: Setting CVar [[r.SSS.SampleSet:2]]
[2020.11.28-10.03.58:833][  0]LogConfig: Setting CVar [[r.SSS.Quality:1]]
[2020.11.28-10.03.58:833][  0]LogConfig: Setting CVar [[r.SSS.HalfRes:0]]
[2020.11.28-10.03.58:833][  0]LogConfig: Setting CVar [[r.SSGI.Quality:3]]
[2020.11.28-10.03.58:833][  0]LogConfig: Setting CVar [[r.EmitterSpawnRateScale:1.0]]
[2020.11.28-10.03.58:833][  0]LogConfig: Setting CVar [[r.ParticleLightQuality:2]]
[2020.11.28-10.03.58:833][  0]LogConfig: Setting CVar [[r.SkyAtmosphere.AerialPerspectiveLUT.FastApplyOnOpaque:1 ; Always have FastSkyLUT 1 in this case to avoid wrong sky]]
[2020.11.28-10.03.58:833][  0]LogConfig: Setting CVar [[r.SkyAtmosphere.AerialPerspectiveLUT.SampleCountPerSlice:1]]
[2020.11.28-10.03.58:833][  0]LogConfig: Setting CVar [[r.SkyAtmosphere.AerialPerspectiveLUT.DepthResolution:16.0]]
[2020.11.28-10.03.58:834][  0]LogConfig: Setting CVar [[r.SkyAtmosphere.FastSkyLUT:1]]
[2020.11.28-10.03.58:834][  0]LogConfig: Setting CVar [[r.SkyAtmosphere.FastSkyLUT.SampleCountMin:4.0]]
[2020.11.28-10.03.58:834][  0]LogConfig: Setting CVar [[r.SkyAtmosphere.FastSkyLUT.SampleCountMax:32.0]]
[2020.11.28-10.03.58:834][  0]LogConfig: Setting CVar [[r.SkyAtmosphere.SampleCountMin:4.0]]
[2020.11.28-10.03.58:834][  0]LogConfig: Setting CVar [[r.SkyAtmosphere.SampleCountMax:32.0]]
[2020.11.28-10.03.58:834][  0]LogConfig: Setting CVar [[r.SkyAtmosphere.TransmittanceLUT.UseSmallFormat:0]]
[2020.11.28-10.03.58:834][  0]LogConfig: Setting CVar [[r.SkyAtmosphere.TransmittanceLUT.SampleCount:10.0]]
[2020.11.28-10.03.58:834][  0]LogConfig: Setting CVar [[r.SkyAtmosphere.MultiScatteringLUT.SampleCount:15.0]]
[2020.11.28-10.03.58:834][  0]LogConfig: Applying CVar settings from Section [FoliageQuality@3] File [I:/UnrealProjects/ActionRPG/Saved/Config/Windows/Scalability.ini]
[2020.11.28-10.03.58:834][  0]LogConfig: Setting CVar [[foliage.DensityScale:1.0]]
[2020.11.28-10.03.58:834][  0]LogConfig: Setting CVar [[grass.DensityScale:1.0]]
[2020.11.28-10.03.58:834][  0]LogConfig: Applying CVar settings from Section [ShadingQuality@3] File [I:/UnrealProjects/ActionRPG/Saved/Config/Windows/Scalability.ini]
[2020.11.28-10.03.58:834][  0]LogConfig: Setting CVar [[r.HairStrands.SkyLighting.SampleCount:16]]
[2020.11.28-10.03.58:834][  0]LogConfig: Setting CVar [[r.HairStrands.SkyLighting.JitterIntegration:0]]
[2020.11.28-10.03.58:834][  0]LogConfig: Setting CVar [[r.HairStrands.SkyAO.SampleCount:16]]
[2020.11.28-10.03.58:834][  0]LogConfig: Setting CVar [[r.HairStrands.DeepShadow.SuperSampling:0]]
[2020.11.28-10.03.58:834][  0]LogConfig: Setting CVar [[r.HairStrands.VisibilityPPLL:0]]
[2020.11.28-10.03.58:834][  0]LogConfig: Setting CVar [[r.HairStrands.RasterizationScale:0.5]]
[2020.11.28-10.03.58:834][  0]LogConfig: Setting CVar [[r.HairStrands.VelocityRasterizationScale:1]]
[2020.11.28-10.03.58:834][  0]LogInit: Selected Device Profile: [Windows]
[2020.11.28-10.03.58:834][  0]LogInit: Applying CVar settings loaded from the selected device profile: [Windows]
[2020.11.28-10.03.58:834][  0]LogHAL: Display: Platform has ~ 16 GB [17114669056 / 17179869184 / 16], which maps to Larger [LargestMinGB=32, LargerMinGB=12, DefaultMinGB=8, SmallerMinGB=6, SmallestMinGB=0)
[2020.11.28-10.03.58:835][  0]LogInit: Going up to parent DeviceProfile []
[2020.11.28-10.03.58:835][  0]LogConfig: Applying CVar settings from Section [ViewDistanceQuality@3] File [I:/UnrealProjects/ActionRPG/Saved/Config/Windows/Scalability.ini]
[2020.11.28-10.03.58:835][  0]LogConfig: Setting CVar [[r.SkeletalMeshLODBias:0]]
[2020.11.28-10.03.58:835][  0]LogConfig: Setting CVar [[r.ViewDistanceScale:1.0]]
[2020.11.28-10.03.58:835][  0]LogConfig: Applying CVar settings from Section [AntiAliasingQuality@3] File [I:/UnrealProjects/ActionRPG/Saved/Config/Windows/Scalability.ini]
[2020.11.28-10.03.58:835][  0]LogConfig: Setting CVar [[r.PostProcessAAQuality:4]]
[2020.11.28-10.03.58:835][  0]LogConfig: Applying CVar settings from Section [ShadowQuality@3] File [I:/UnrealProjects/ActionRPG/Saved/Config/Windows/Scalability.ini]
[2020.11.28-10.03.58:835][  0]LogConfig: Setting CVar [[r.LightFunctionQuality:1]]
[2020.11.28-10.03.58:835][  0]LogConfig: Setting CVar [[r.ShadowQuality:5]]
[2020.11.28-10.03.58:835][  0]LogConfig: Setting CVar [[r.Shadow.CSM.MaxCascades:10]]
[2020.11.28-10.03.58:835][  0]LogConfig: Setting CVar [[r.Shadow.MaxResolution:2048]]
[2020.11.28-10.03.58:835][  0]LogConfig: Setting CVar [[r.Shadow.MaxCSMResolution:2048]]
[2020.11.28-10.03.58:835][  0]LogConfig: Setting CVar [[r.Shadow.RadiusThreshold:0.01]]
[2020.11.28-10.03.58:835][  0]LogConfig: Setting CVar [[r.Shadow.DistanceScale:1.0]]
[2020.11.28-10.03.58:835][  0]LogConfig: Setting CVar [[r.Shadow.CSM.TransitionScale:1.0]]
[2020.11.28-10.03.58:835][  0]LogConfig: Setting CVar [[r.Shadow.PreShadowResolutionFactor:1.0]]
[2020.11.28-10.03.58:835][  0]LogConfig: Setting CVar [[r.DistanceFieldShadowing:1]]
[2020.11.28-10.03.58:835][  0]LogConfig: Setting CVar [[r.DistanceFieldAO:1]]
[2020.11.28-10.03.58:836][  0]LogConfig: Setting CVar [[r.AOQuality:2]]
[2020.11.28-10.03.58:836][  0]LogConfig: Setting CVar [[r.VolumetricFog:1]]
[2020.11.28-10.03.58:836][  0]LogConfig: Setting CVar [[r.VolumetricFog.GridPixelSize:8]]
[2020.11.28-10.03.58:836][  0]LogConfig: Setting CVar [[r.VolumetricFog.GridSizeZ:128]]
[2020.11.28-10.03.58:836][  0]LogConfig: Setting CVar [[r.VolumetricFog.HistoryMissSupersampleCount:4]]
[2020.11.28-10.03.58:836][  0]LogConfig: Setting CVar [[r.LightMaxDrawDistanceScale:1]]
[2020.11.28-10.03.58:836][  0]LogConfig: Setting CVar [[r.CapsuleShadows:1]]
[2020.11.28-10.03.58:836][  0]LogConfig: Applying CVar settings from Section [PostProcessQuality@3] File [I:/UnrealProjects/ActionRPG/Saved/Config/Windows/Scalability.ini]
[2020.11.28-10.03.58:836][  0]LogConfig: Setting CVar [[r.MotionBlurQuality:4]]
[2020.11.28-10.03.58:836][  0]LogConfig: Setting CVar [[r.AmbientOcclusionMipLevelFactor:0.4]]
[2020.11.28-10.03.58:836][  0]LogConfig: Setting CVar [[r.AmbientOcclusionMaxQuality:100]]
[2020.11.28-10.03.58:836][  0]LogConfig: Setting CVar [[r.AmbientOcclusionLevels:-1]]
[2020.11.28-10.03.58:836][  0]LogConfig: Setting CVar [[r.AmbientOcclusionRadiusScale:1.0]]
[2020.11.28-10.03.58:836][  0]LogConfig: Setting CVar [[r.DepthOfFieldQuality:2]]
[2020.11.28-10.03.58:836][  0]LogConfig: Setting CVar [[r.RenderTargetPoolMin:400]]
[2020.11.28-10.03.58:836][  0]LogConfig: Setting CVar [[r.LensFlareQuality:2]]
[2020.11.28-10.03.58:836][  0]LogConfig: Setting CVar [[r.SceneColorFringeQuality:1]]
[2020.11.28-10.03.58:836][  0]LogConfig: Setting CVar [[r.EyeAdaptationQuality:2]]
[2020.11.28-10.03.58:836][  0]LogConfig: Setting CVar [[r.BloomQuality:5]]
[2020.11.28-10.03.58:836][  0]LogConfig: Setting CVar [[r.FastBlurThreshold:100]]
[2020.11.28-10.03.58:836][  0]LogConfig: Setting CVar [[r.Upscale.Quality:3]]
[2020.11.28-10.03.58:837][  0]LogConfig: Setting CVar [[r.Tonemapper.GrainQuantization:1]]
[2020.11.28-10.03.58:837][  0]LogConfig: Setting CVar [[r.LightShaftQuality:1]]
[2020.11.28-10.03.58:837][  0]LogConfig: Setting CVar [[r.Filter.SizeScale:1]]
[2020.11.28-10.03.58:837][  0]LogConfig: Setting CVar [[r.Tonemapper.Quality:5]]
[2020.11.28-10.03.58:837][  0]LogConfig: Setting CVar [[r.DOF.Gather.AccumulatorQuality:1        ; higher gathering accumulator quality]]
[2020.11.28-10.03.58:837][  0]LogConfig: Setting CVar [[r.DOF.Gather.PostfilterMethod:1          ; Median3x3 postfilering method]]
[2020.11.28-10.03.58:837][  0]LogConfig: Setting CVar [[r.DOF.Gather.EnableBokehSettings:0       ; no bokeh simulation when gathering]]
[2020.11.28-10.03.58:837][  0]LogConfig: Setting CVar [[r.DOF.Gather.RingCount:4                 ; medium number of samples when gathering]]
[2020.11.28-10.03.58:837][  0]LogConfig: Setting CVar [[r.DOF.Scatter.ForegroundCompositing:1    ; additive foreground scattering]]
[2020.11.28-10.03.58:837][  0]LogConfig: Setting CVar [[r.DOF.Scatter.BackgroundCompositing:2    ; additive background scattering]]
[2020.11.28-10.03.58:837][  0]LogConfig: Setting CVar [[r.DOF.Scatter.EnableBokehSettings:1      ; bokeh simulation when scattering]]
[2020.11.28-10.03.58:837][  0]LogConfig: Setting CVar [[r.DOF.Scatter.MaxSpriteRatio:0.1         ; only a maximum of 10% of scattered bokeh]]
[2020.11.28-10.03.58:837][  0]LogConfig: Setting CVar [[r.DOF.Recombine.Quality:1                ; cheap slight out of focus]]
[2020.11.28-10.03.58:837][  0]LogConfig: Setting CVar [[r.DOF.Recombine.EnableBokehSettings:0    ; no bokeh simulation on slight out of focus]]
[2020.11.28-10.03.58:837][  0]LogConfig: Setting CVar [[r.DOF.TemporalAAQuality:1                ; more stable temporal accumulation]]
[2020.11.28-10.03.58:838][  0]LogConfig: Setting CVar [[r.DOF.Kernel.MaxForegroundRadius:0.025]]
[2020.11.28-10.03.58:838][  0]LogConfig: Setting CVar [[r.DOF.Kernel.MaxBackgroundRadius:0.025]]
[2020.11.28-10.03.58:838][  0]LogConfig: Applying CVar settings from Section [TextureQuality@3] File [I:/UnrealProjects/ActionRPG/Saved/Config/Windows/Scalability.ini]
[2020.11.28-10.03.58:838][  0]LogConfig: Setting CVar [[r.Streaming.MipBias:0]]
[2020.11.28-10.03.58:838][  0]LogConfig: Setting CVar [[r.Streaming.AmortizeCPUToGPUCopy:0]]
[2020.11.28-10.03.58:838][  0]LogConfig: Setting CVar [[r.Streaming.MaxNumTexturesToStreamPerFrame:0]]
[2020.11.28-10.03.58:838][  0]LogConfig: Setting CVar [[r.Streaming.Boost:1]]
[2020.11.28-10.03.58:838][  0]LogConfig: Setting CVar [[r.MaxAnisotropy:8]]
[2020.11.28-10.03.58:838][  0]LogConfig: Setting CVar [[r.VT.MaxAnisotropy:8]]
[2020.11.28-10.03.58:838][  0]LogConfig: Setting CVar [[r.Streaming.LimitPoolSizeToVRAM:0]]
[2020.11.28-10.03.58:838][  0]LogConfig: Setting CVar [[r.Streaming.PoolSize:1000]]
[2020.11.28-10.03.58:838][  0]LogConfig: Setting CVar [[r.Streaming.MaxEffectiveScreenSize:0]]
[2020.11.28-10.03.58:838][  0]LogConfig: Applying CVar settings from Section [EffectsQuality@3] File [I:/UnrealProjects/ActionRPG/Saved/Config/Windows/Scalability.ini]
[2020.11.28-10.03.58:838][  0]LogConfig: Setting CVar [[r.TranslucencyLightingVolumeDim:64]]
[2020.11.28-10.03.58:838][  0]LogConfig: Setting CVar [[r.RefractionQuality:2]]
[2020.11.28-10.03.58:838][  0]LogConfig: Setting CVar [[r.SSR.Quality:3]]
[2020.11.28-10.03.58:838][  0]LogConfig: Setting CVar [[r.SSR.HalfResSceneColor:0]]
[2020.11.28-10.03.58:838][  0]LogConfig: Setting CVar [[r.SceneColorFormat:4]]
[2020.11.28-10.03.58:838][  0]LogConfig: Setting CVar [[r.DetailMode:2]]
[2020.11.28-10.03.58:839][  0]LogConfig: Setting CVar [[r.TranslucencyVolumeBlur:1]]
[2020.11.28-10.03.58:839][  0]LogConfig: Setting CVar [[r.MaterialQualityLevel:1 ; High quality]]
[2020.11.28-10.03.58:839][  0]LogConfig: Setting CVar [[r.SSS.Scale:1]]
[2020.11.28-10.03.58:839][  0]LogConfig: Setting CVar [[r.SSS.SampleSet:2]]
[2020.11.28-10.03.58:839][  0]LogConfig: Setting CVar [[r.SSS.Quality:1]]
[2020.11.28-10.03.58:839][  0]LogConfig: Setting CVar [[r.SSS.HalfRes:0]]
[2020.11.28-10.03.58:839][  0]LogConfig: Setting CVar [[r.SSGI.Quality:3]]
[2020.11.28-10.03.58:839][  0]LogConfig: Setting CVar [[r.EmitterSpawnRateScale:1.0]]
[2020.11.28-10.03.58:839][  0]LogConfig: Setting CVar [[r.ParticleLightQuality:2]]
[2020.11.28-10.03.58:839][  0]LogConfig: Setting CVar [[r.SkyAtmosphere.AerialPerspectiveLUT.FastApplyOnOpaque:1 ; Always have FastSkyLUT 1 in this case to avoid wrong sky]]
[2020.11.28-10.03.58:839][  0]LogConfig: Setting CVar [[r.SkyAtmosphere.AerialPerspectiveLUT.SampleCountPerSlice:1]]
[2020.11.28-10.03.58:839][  0]LogConfig: Setting CVar [[r.SkyAtmosphere.AerialPerspectiveLUT.DepthResolution:16.0]]
[2020.11.28-10.03.58:839][  0]LogConfig: Setting CVar [[r.SkyAtmosphere.FastSkyLUT:1]]
[2020.11.28-10.03.58:839][  0]LogConfig: Setting CVar [[r.SkyAtmosphere.FastSkyLUT.SampleCountMin:4.0]]
[2020.11.28-10.03.58:839][  0]LogConfig: Setting CVar [[r.SkyAtmosphere.FastSkyLUT.SampleCountMax:32.0]]
[2020.11.28-10.03.58:839][  0]LogConfig: Setting CVar [[r.SkyAtmosphere.SampleCountMin:4.0]]
[2020.11.28-10.03.58:839][  0]LogConfig: Setting CVar [[r.SkyAtmosphere.SampleCountMax:32.0]]
[2020.11.28-10.03.58:839][  0]LogConfig: Setting CVar [[r.SkyAtmosphere.TransmittanceLUT.UseSmallFormat:0]]
[2020.11.28-10.03.58:839][  0]LogConfig: Setting CVar [[r.SkyAtmosphere.TransmittanceLUT.SampleCount:10.0]]
[2020.11.28-10.03.58:839][  0]LogConfig: Setting CVar [[r.SkyAtmosphere.MultiScatteringLUT.SampleCount:15.0]]
[2020.11.28-10.03.58:840][  0]LogConfig: Applying CVar settings from Section [FoliageQuality@3] File [I:/UnrealProjects/ActionRPG/Saved/Config/Windows/Scalability.ini]
[2020.11.28-10.03.58:840][  0]LogConfig: Setting CVar [[foliage.DensityScale:1.0]]
[2020.11.28-10.03.58:840][  0]LogConfig: Setting CVar [[grass.DensityScale:1.0]]
[2020.11.28-10.03.58:840][  0]LogConfig: Applying CVar settings from Section [ShadingQuality@3] File [I:/UnrealProjects/ActionRPG/Saved/Config/Windows/Scalability.ini]
[2020.11.28-10.03.58:840][  0]LogConfig: Setting CVar [[r.HairStrands.SkyLighting.SampleCount:16]]
[2020.11.28-10.03.58:840][  0]LogConfig: Setting CVar [[r.HairStrands.SkyLighting.JitterIntegration:0]]
[2020.11.28-10.03.58:840][  0]LogConfig: Setting CVar [[r.HairStrands.SkyAO.SampleCount:16]]
[2020.11.28-10.03.58:840][  0]LogConfig: Setting CVar [[r.HairStrands.DeepShadow.SuperSampling:0]]
[2020.11.28-10.03.58:840][  0]LogConfig: Setting CVar [[r.HairStrands.VisibilityPPLL:0]]
[2020.11.28-10.03.58:840][  0]LogConfig: Setting CVar [[r.HairStrands.RasterizationScale:0.5]]
[2020.11.28-10.03.58:840][  0]LogConfig: Setting CVar [[r.HairStrands.VelocityRasterizationScale:1]]
[2020.11.28-10.03.58:840][  0]LogConfig: Applying CVar settings from Section [Startup] File [../../../Engine/Config/ConsoleVariables.ini]
[2020.11.28-10.03.58:849][  0]LogConfig: Setting CVar [[net.UseAdaptiveNetUpdateFrequency:0]]
[2020.11.28-10.03.58:849][  0]LogConfig: Setting CVar [[p.chaos.AllowCreatePhysxBodies:1]]
[2020.11.28-10.03.58:849][  0]LogConfig: Setting CVar [[fx.SkipVectorVMBackendOptimizations:1]]
[2020.11.28-10.03.58:849][  0]LogConfig: Applying CVar settings from Section [ConsoleVariables] File [I:/UnrealProjects/ActionRPG/Saved/Config/Windows/Engine.ini]
[2020.11.28-10.03.58:849][  0]LogInit: Computer: WIN-RA0UHBJ0UL4
[2020.11.28-10.03.58:849][  0]LogInit: User: Administrator
[2020.11.28-10.03.58:849][  0]LogInit: CPU Page size=4096, Cores=4
[2020.11.28-10.03.58:849][  0]LogInit: High frequency timer resolution =10.000000 MHz
[2020.11.28-10.03.58:849][  0]LogMemory: Memory total: Physical=15.9GB (16GB approx)
[2020.11.28-10.03.58:849][  0]LogMemory: Platform Memory Stats for Windows
[2020.11.28-10.03.58:850][  0]LogMemory: Process Physical Memory: 119.93 MB used, 119.93 MB peak
[2020.11.28-10.03.58:850][  0]LogMemory: Process Virtual Memory: 104.69 MB used, 104.69 MB peak
[2020.11.28-10.03.58:850][  0]LogMemory: Physical Memory: 8719.60 MB used,  7602.22 MB free, 16321.82 MB total
[2020.11.28-10.03.58:850][  0]LogMemory: Virtual Memory: 5129.68 MB used,  134212600.00 MB free, 134217728.00 MB total
[2020.11.28-10.03.58:875][  0]LogWindows: WindowsPlatformFeatures enabled
[2020.11.28-10.03.59:624][  0]LogInit: Physics initialised using underlying interface: PhysX
[2020.11.28-10.03.59:632][  0]LogInit: Overriding language with editor language configuration option (en).
[2020.11.28-10.03.59:632][  0]LogInit: Overriding locale with editor locale configuration option (en).
[2020.11.28-10.04.00:140][  0]LogInit: Setting process to per monitor DPI aware
[2020.11.28-10.04.00:546][  0]LogSlate: New Slate User Created.  User Index 0, Is Virtual User: 0
[2020.11.28-10.04.00:546][  0]LogSlate: Slate User Registered.  User Index 0, Is Virtual User: 0
[2020.11.28-10.04.01:150][  0]LogD3D11RHI: D3D11 min allowed feature level: 11_0
[2020.11.28-10.04.01:150][  0]LogD3D11RHI: D3D11 max allowed feature level: 11_0
[2020.11.28-10.04.01:150][  0]LogD3D11RHI: D3D11 adapters:
[2020.11.28-10.04.01:298][  0]LogD3D11RHI:    0. 'NVIDIA GeForce GTX 1070' (Feature Level 11_0)
[2020.11.28-10.04.01:298][  0]LogD3D11RHI:       8088/0/8160 MB DedicatedVideo/DedicatedSystem/SharedSystem, Outputs:1, VendorId:0x10de
[2020.11.28-10.04.01:312][  0]LogD3D11RHI:    1. 'Microsoft Basic Render Driver' (Feature Level 11_0)
[2020.11.28-10.04.01:312][  0]LogD3D11RHI:       0/0/8160 MB DedicatedVideo/DedicatedSystem/SharedSystem, Outputs:0, VendorId:0x1414
[2020.11.28-10.04.01:312][  0]LogD3D11RHI: Chosen D3D11 Adapter: 0
[2020.11.28-10.04.01:325][  0]LogD3D11RHI: Creating new Direct3DDevice
[2020.11.28-10.04.01:326][  0]LogD3D11RHI:     GPU DeviceId: 0x1b81 (for the marketing name, search the web for "GPU Device Id")
[2020.11.28-10.04.01:326][  0]LogWindows: EnumDisplayDevices:
[2020.11.28-10.04.01:327][  0]LogWindows:    0. 'NVIDIA GeForce GTX 1070' (P:1 D:1)
[2020.11.28-10.04.01:328][  0]LogWindows:    1. 'NVIDIA GeForce GTX 1070' (P:0 D:0)
[2020.11.28-10.04.01:329][  0]LogWindows:    2. 'NVIDIA GeForce GTX 1070' (P:0 D:0)
[2020.11.28-10.04.01:330][  0]LogWindows:    3. 'NVIDIA GeForce GTX 1070' (P:0 D:0)
[2020.11.28-10.04.01:330][  0]LogWindows: DebugString: FoundDriverCount:4 
[2020.11.28-10.04.01:330][  0]LogD3D11RHI:     Adapter Name: NVIDIA GeForce GTX 1070
[2020.11.28-10.04.01:330][  0]LogD3D11RHI:   Driver Version: 451.67 (internal:27.21.14.5167, unified:451.67)
[2020.11.28-10.04.01:330][  0]LogD3D11RHI:      Driver Date: 7-5-2020
[2020.11.28-10.04.01:331][  0]LogRHI: Texture pool is 5661 MB (70% of 8088 MB)
[2020.11.28-10.04.01:402][  0]LogD3D11RHI: RHI has support for 64 bit atomics
[2020.11.28-10.04.01:405][  0]LogD3D11RHI: [Aftermath] Enabled and primed
[2020.11.28-10.04.01:405][  0]LogD3D11RHI: Async texture creation enabled
[2020.11.28-10.04.01:405][  0]LogD3D11RHI: Array index from any shader is supported
[2020.11.28-10.04.01:433][  0]LogD3D11RHI: GPU Timing Frequency: 1000.000000 (Debug: 2 1)
[2020.11.28-10.04.02:108][  0]LogTargetPlatformManager: Display: Loaded TargetPlatform 'AllDesktop'
[2020.11.28-10.04.02:215][  0]LogTargetPlatformManager: Display: Loaded TargetPlatform 'Android'
[2020.11.28-10.04.02:216][  0]LogTargetPlatformManager: Display: Loaded TargetPlatform 'Android_ASTC'
[2020.11.28-10.04.02:216][  0]LogTargetPlatformManager: Display: Loaded TargetPlatform 'Android_DXT'
[2020.11.28-10.04.02:216][  0]LogTargetPlatformManager: Display: Loaded TargetPlatform 'Android_ETC2'
[2020.11.28-10.04.02:216][  0]LogTargetPlatformManager: Display: Loaded TargetPlatform 'AndroidClient'
[2020.11.28-10.04.02:216][  0]LogTargetPlatformManager: Display: Loaded TargetPlatform 'Android_ASTCClient'
[2020.11.28-10.04.02:216][  0]LogTargetPlatformManager: Display: Loaded TargetPlatform 'Android_DXTClient'
[2020.11.28-10.04.02:216][  0]LogTargetPlatformManager: Display: Loaded TargetPlatform 'Android_ETC2Client'
[2020.11.28-10.04.02:216][  0]LogTargetPlatformManager: Display: Loaded TargetPlatform 'Android_Multi'
[2020.11.28-10.04.02:216][  0]LogTargetPlatformManager: Display: Loaded TargetPlatform 'Android_MultiClient'
[2020.11.28-10.04.02:387][  0]LogTargetPlatformManager: Display: Loaded TargetPlatform 'IOSClient'
[2020.11.28-10.04.02:387][  0]LogTargetPlatformManager: Display: Loaded TargetPlatform 'IOS'
[2020.11.28-10.04.02:437][  0]LogTargetPlatformManager: Display: Loaded TargetPlatform 'Linux'
[2020.11.28-10.04.02:473][  0]LogTargetPlatformManager: Display: Loaded TargetPlatform 'LinuxNoEditor'
[2020.11.28-10.04.02:503][  0]LogTargetPlatformManager: Display: Loaded TargetPlatform 'LinuxClient'
[2020.11.28-10.04.02:539][  0]LogTargetPlatformManager: Display: Loaded TargetPlatform 'LinuxServer'
[2020.11.28-10.04.02:569][  0]LogTargetPlatformManager: Display: Loaded TargetPlatform 'LinuxAArch64NoEditor'
[2020.11.28-10.04.02:605][  0]LogTargetPlatformManager: Display: Loaded TargetPlatform 'LinuxAArch64Client'
[2020.11.28-10.04.02:633][  0]LogTargetPlatformManager: Display: Loaded TargetPlatform 'LinuxAArch64Server'
[2020.11.28-10.04.02:700][  0]LogTargetPlatformManager: Display: Loaded TargetPlatform 'Lumin'
[2020.11.28-10.04.02:700][  0]LogTargetPlatformManager: Display: Loaded TargetPlatform 'LuminClient'
[2020.11.28-10.04.02:743][  0]LogTargetPlatformManager: Display: Loaded TargetPlatform 'TVOSClient'
[2020.11.28-10.04.02:743][  0]LogTargetPlatformManager: Display: Loaded TargetPlatform 'TVOS'
[2020.11.28-10.04.02:786][  0]LogTargetPlatformManager: Display: Loaded TargetPlatform 'WindowsNoEditor'
[2020.11.28-10.04.02:830][  0]LogTargetPlatformManager: Display: Loaded TargetPlatform 'Windows'
[2020.11.28-10.04.02:872][  0]LogTargetPlatformManager: Display: Loaded TargetPlatform 'WindowsClient'
[2020.11.28-10.04.02:929][  0]LogTargetPlatformManager: Display: Loaded TargetPlatform 'WindowsServer'
[2020.11.28-10.04.02:929][  0]LogTargetPlatformManager: Display: Building Assets For Windows
[2020.11.28-10.04.03:052][  0]LogAudioDebug: Display: Lib vorbis DLL was dynamically loaded.
[2020.11.28-10.04.03:925][  0]LogShaderCompilers: Guid format shader working directory is 27 characters bigger than the processId version (I:/UnrealProjects/ActionRPG/Intermediate/Shaders/WorkingDirectory/4372/).
[2020.11.28-10.04.03:926][  0]LogShaderCompilers: Cleaned the shader compiler working directory 'C:/Users/Administrator/AppData/Local/Temp/UnrealShaderWorkingDir/0988946A46A28C1E9ABB8FBCDCDDD536/'.
[2020.11.28-10.04.03:936][  0]LogXGEController: Cannot use XGE Controller as Incredibuild is not installed on this machine.
[2020.11.28-10.04.03:937][  0]LogShaderCompilers: Cannot use XGE Shader Compiler as Incredibuild is not installed on this machine.
[2020.11.28-10.04.03:937][  0]LogShaderCompilers: Display: Using Local Shader Compiler.
[2020.11.28-10.04.05:365][  0]LogDerivedDataCache: Display: Max Cache Size: 512 MB
[2020.11.28-10.04.06:010][  0]LogDerivedDataCache: Loaded boot cache 0.64s 99MB C:/Users/Administrator/AppData/Local/UnrealEngine/4.25/DerivedDataCache/Boot.ddc.
[2020.11.28-10.04.06:010][  0]LogDerivedDataCache: Display: Loaded Boot cache: C:/Users/Administrator/AppData/Local/UnrealEngine/4.25/DerivedDataCache/Boot.ddc
[2020.11.28-10.04.06:010][  0]LogDerivedDataCache: FDerivedDataBackendGraph:  Pak pak cache file I:/UnrealProjects/ActionRPG/DerivedDataCache/DDC.ddp not found, will not use a pak cache.
[2020.11.28-10.04.06:011][  0]LogDerivedDataCache: Unable to find inner node Pak for hierarchical cache Hierarchy.
[2020.11.28-10.04.06:022][  0]LogDerivedDataCache: Display: Pak cache opened for reading I:/UnrealProjects/ActionRPG/DerivedDataCache/Compressed.ddp.
[2020.11.28-10.04.06:035][  0]LogDerivedDataCache: Display: Pak cache opened for reading ../../../Engine/DerivedDataCache/Compressed.ddp.
[2020.11.28-10.04.06:035][  0]LogDerivedDataCache: FDerivedDataBackendGraph:  EnterprisePak pak cache file ../../../Enterprise/DerivedDataCache/Compressed.ddp not found, will not use a pak cache.
[2020.11.28-10.04.06:035][  0]LogDerivedDataCache: Unable to find inner node EnterprisePak for hierarchical cache Hierarchy.
[2020.11.28-10.04.06:038][  0]LogDerivedDataCache: Using Local data cache path C:/Users/Administrator/AppData/Local/UnrealEngine/Common/DerivedDataCache: Writable
[2020.11.28-10.04.06:038][  0]LogDerivedDataCache: Shared data cache path not found in *engine.ini, will not use an Shared cache.
[2020.11.28-10.04.06:039][  0]LogDerivedDataCache: Unable to find inner node Shared for hierarchical cache Hierarchy.
[2020.11.28-10.04.06:143][  0]LogSlate: Using FreeType 2.10.0
[2020.11.28-10.04.06:160][  0]LogSlate: SlateFontServices - WITH_FREETYPE: 1, WITH_HARFBUZZ: 1
[2020.11.28-10.04.06:365][  0]LogAssetRegistry: FAssetRegistry took 0.0067 seconds to start up
[2020.11.28-10.04.07:077][  0]LogInit: Selected Device Profile: [Windows]
[2020.11.28-10.04.07:811][  0]LogMeshReduction: Using QuadricMeshReduction for automatic static mesh reduction
[2020.11.28-10.04.07:811][  0]LogMeshReduction: Using SimplygonMeshReduction for automatic skeletal mesh reduction
[2020.11.28-10.04.07:811][  0]LogMeshReduction: Using ProxyLODMeshReduction for automatic mesh merging
[2020.11.28-10.04.07:811][  0]LogMeshReduction: No distributed automatic mesh merging module available
[2020.11.28-10.04.07:811][  0]LogMeshMerging: No distributed automatic mesh merging module available
[2020.11.28-10.04.07:850][  0]LogNetVersion: ActionRPG 1.0.0, NetCL: 13144385, EngineNetVer: 14, GameNetVer: 0 (Checksum: 315464098)
[2020.11.28-10.04.09:525][  0]LogAISub: UAISubsystem::UAISubsystem AISubsystem (00000143F6312A40), frame # 0
[2020.11.28-10.04.09:525][  0]LogAISub: UAISubsystem::UAISubsystem AIPerceptionSystem (00000143F61C51C0), frame # 0
[2020.11.28-10.04.09:527][  0]LogAISub: UAISubsystem::UAISubsystem EnvQueryManager (00000143F62FEA00), frame # 0
[2020.11.28-10.04.09:607][  0]LogPackageLocalizationCache: Processed 13 localized package path(s) for 1 prioritized culture(s) in 0.063692 seconds
[2020.11.28-10.04.09:617][  0]LogUObjectArray: 15596 objects as part of root set at end of initial load.
[2020.11.28-10.04.09:618][  0]LogUObjectAllocator: 3867792 out of 0 bytes used by permanent object pool.
[2020.11.28-10.04.09:618][  0]LogUObjectArray: CloseDisregardForGC: 0/0 objects in disregard for GC pool
[2020.11.28-10.04.13:261][  0]LogTcpMessaging: Initializing TcpMessaging bridge
[2020.11.28-10.04.13:311][  0]LogUdpMessaging: Initializing bridge on interface 0.0.0.0:0 to multicast group 230.0.0.1:6666.
[2020.11.28-10.04.13:499][  0]LogStats: UGameplayTagsManager::InitializeManager -  0.001 s
[2020.11.28-10.04.13:936][  0]LogLinker: Warning: Failed to load '/Game/ThirdPersonBP/ThirdPersonOverview': Can't find file.
[2020.11.28-10.04.13:936][  0]LogLinker: Warning: Failed to load '/Game/ThirdPersonBP/ThirdPersonOverview': Can't find file.
[2020.11.28-10.04.13:936][  0]LogUObjectGlobals: Warning: Failed to find object 'Class /Game/ThirdPersonBP/ThirdPersonOverview.ThirdPersonOverview_C'
[2020.11.28-10.04.14:311][  0]SourceControl: Source control is disabled
[2020.11.28-10.04.14:313][  0]SourceControl: Source control is disabled
[2020.11.28-10.04.14:422][  0]SourceControl: Source control is disabled
[2020.11.28-10.04.14:477][  0]SourceControl: Source control is disabled
[2020.11.28-10.04.14:563][  0]SourceControl: Source control is disabled
[2020.11.28-10.04.16:639][  0]LogAndroidPermission: UAndroidPermissionCallbackProxy::GetInstance
[2020.11.28-10.04.17:446][  0]LogEngine: Initializing Engine...
[2020.11.28-10.04.17:608][  0]LogInit: Initializing FReadOnlyCVARCache
[2020.11.28-10.04.17:695][  0]LogAIModule: Creating AISystem for world Untitled
[2020.11.28-10.04.17:695][  0]LogAISub: UAISubsystem::UAISubsystem EnvQueryManager (00000143FE2C2200), frame # 0
[2020.11.28-10.04.17:695][  0]LogAISub: UAISubsystem::UAISubsystem AIPerceptionSystem (00000143FE2A3B00), frame # 0
[2020.11.28-10.04.17:743][  0]LogAudioMixer: Display: Audio Mixer Platform Settings:
[2020.11.28-10.04.17:743][  0]LogAudioMixer: Display: 	Sample Rate:						  48000
[2020.11.28-10.04.17:743][  0]LogAudioMixer: Display: 	Callback Buffer Frame Size Requested: 1024
[2020.11.28-10.04.17:743][  0]LogAudioMixer: Display: 	Callback Buffer Frame Size To Use:	  1024
[2020.11.28-10.04.17:744][  0]LogAudioMixer: Display: 	Number of buffers to queue:			  1
[2020.11.28-10.04.17:744][  0]LogAudioMixer: Display: 	Max Channels (voices):				  0
[2020.11.28-10.04.17:744][  0]LogAudioMixer: Display: 	Number of Async Source Workers:		  4
[2020.11.28-10.04.17:744][  0]LogAudio: Display: AudioDevice MaxSources: 32
[2020.11.28-10.04.17:745][  0]LogAudio: Display: Using built-in audio occlusion.
[2020.11.28-10.04.17:745][  0]LogAudioMixer: Display: Initializing audio mixer.
[2020.11.28-10.04.17:818][  0]LogAudioMixer: Display: 0: FrontLeft
[2020.11.28-10.04.17:818][  0]LogAudioMixer: Display: 1: FrontRight
[2020.11.28-10.04.17:949][  0]LogAudioMixer: Display: Using Audio Device 耳机 (High Definition Audio Device)
[2020.11.28-10.04.17:950][  0]LogAudioMixer: Display: Initializing Sound Submixes...
[2020.11.28-10.04.17:953][  0]LogAudioMixer: Display: Creating Master Submix 'MasterSubmixDefault'
[2020.11.28-10.04.17:953][  0]LogAudioMixer: Display: Creating Master Submix 'MasterReverbSubmixDefault'
[2020.11.28-10.04.17:956][  0]LogAudioMixer: Display: Creating Master Submix 'MasterEQSubmixDefault'
[2020.11.28-10.04.17:958][  0]LogInit: FAudioDevice initialized.
[2020.11.28-10.04.17:959][  0]LogNetVersion: Set ProjectVersion to 1.3.0. Version Checksum will be recalculated on next use.
[2020.11.28-10.04.18:012][  0]LogDerivedDataCache: Saved boot cache 0.05s 47MB C:/Users/Administrator/AppData/Local/UnrealEngine/4.25/DerivedDataCache/Boot.ddc.
[2020.11.28-10.04.18:014][  0]LogInit: Texture streaming: Enabled
[2020.11.28-10.04.18:137][  0]LogEngineSessionManager: EngineSessionManager initialized
[2020.11.28-10.04.18:138][  0]LogEditorSessionSummary: Verbose: Initializing EditorSessionSummaryWriter for editor session tracking
[2020.11.28-10.04.18:144][  0]LogEditorSessionSummary: EditorSessionSummaryWriter initialized
[2020.11.28-10.04.18:323][  0]LogInit: Transaction tracking system initialized
[2020.11.28-10.04.18:799][  0]BlueprintLog: New page: Editor Load
[2020.11.28-10.04.20:098][  0]LocalizationService: Localization service is disabled
[2020.11.28-10.04.21:732][  0]LogCook: Display: Max memory allowance for cook 16384mb min free memory 0mb
[2020.11.28-10.04.21:732][  0]LogCook: Display: Mobile HDR setting 1
[2020.11.28-10.04.21:867][  0]LogFileCache: Scanning file cache for directory 'I:/UnrealProjects/ActionRPG/Content/' took 0.02s
[2020.11.28-10.04.21:867][  0]LogStats: FGameplayAbilitiesEditorModule::GameplayTagTreeChanged -  0.000 s
[2020.11.28-10.04.23:516][  0]LogStats: UGameplayCueManager::InitializeEditorObjectLibrary -  0.005 s
[2020.11.28-10.04.24:016][  0]SourceControl: Source control is disabled
[2020.11.28-10.04.24:016][  0]LogUnrealEdMisc: Loading editor; pre map load, took 33.372
[2020.11.28-10.04.24:017][  0]Cmd: MAP LOAD FILE="I:/UnrealProjects/ActionRPG/Content/Maps/ActionRPG_P.umap" TEMPLATE=0 SHOWPROGRESS=1 FEATURELEVEL=3
[2020.11.28-10.04.24:023][  0]LightingResults: New page: Lighting Build
[2020.11.28-10.04.24:036][  0]LogWorld: UWorld::CleanupWorld for Untitled, bSessionEnded=true, bCleanupResources=true
[2020.11.28-10.04.24:036][  0]LogSlate: InvalidateAllWidgets triggered.  All widgets were invalidated
[2020.11.28-10.04.24:036][  0]MapCheck: New page: Map Check
[2020.11.28-10.04.24:036][  0]LightingResults: New page: Lighting Build
[2020.11.28-10.04.24:046][  0]LogAISub: UAISubsystem::~UAISubsystem EnvQueryManager (00000143FE2C2200), frame # 0
[2020.11.28-10.04.24:046][  0]LogAISub: UAISubsystem::~UAISubsystem AIPerceptionSystem (00000143FE2A3B00), frame # 0
[2020.11.28-10.04.24:048][  0]LogUObjectHash: Compacting FUObjectHashTables data took   1.26ms
[2020.11.28-10.04.26:675][  0]LogSlate: InvalidateAllWidgets triggered.  All widgets were invalidated
[2020.11.28-10.04.26:730][  0]LogAIModule: Creating AISystem for world ActionRPG_P
[2020.11.28-10.04.26:730][  0]LogAISub: UAISubsystem::UAISubsystem EnvQueryManager (000001438CF97E00), frame # 0
[2020.11.28-10.04.26:730][  0]LogAISub: UAISubsystem::UAISubsystem AIPerceptionSystem (00000143874BE840), frame # 0
[2020.11.28-10.04.26:755][  0]LogStreaming: Display: ULevelStreaming::RequestLevel(/Game/Maps/ActionRPG_Dungeon02_Lights) is flushing async loading
[2020.11.28-10.04.26:755][  0]LogStreaming: Display: Flushing async loaders.
[2020.11.28-10.04.26:776][  0]LogStreaming: Display: ULevelStreaming::RequestLevel(/Game/Maps/ActionRPG_Dungeon02_Asset) is flushing async loading
[2020.11.28-10.04.27:265][  0]LogEditorServer: Finished looking for orphan Actors (0.000 secs)
[2020.11.28-10.04.27:268][  0]LogNavigationDataBuild: Display:    Building NavData:  Name Default class /Script/NavigationSystem.RecastNavMesh agent radius 35.0.
[2020.11.28-10.04.27:360][  0]LogUObjectHash: Compacting FUObjectHashTables data took   3.90ms
[2020.11.28-10.04.27:361][  0]Cmd: MAP CHECKDEP NOCLEARLOG
[2020.11.28-10.04.27:362][  0]MapCheck: Map check complete: 0 Error(s), 0 Warning(s), took 0.621ms to complete.
[2020.11.28-10.04.27:362][  0]LogFileHelpers: Loading map 'ActionRPG_P' took 3.346
[2020.11.28-10.04.27:392][  0]LogUnrealEdMisc: Total Editor Startup Time, took 36.747
[2020.11.28-10.04.27:750][  0]LogSlate: Updating window title bar state: overlay mode, drag disabled, window buttons hidden, title bar hidden
[2020.11.28-10.04.27:760][  0]LogSlate: Updating window title bar state: overlay mode, drag disabled, window buttons hidden, title bar hidden
[2020.11.28-10.04.27:769][  0]LogSlate: Updating window title bar state: overlay mode, drag disabled, window buttons hidden, title bar hidden
[2020.11.28-10.04.27:779][  0]LogSlate: Updating window title bar state: overlay mode, drag disabled, window buttons hidden, title bar hidden
[2020.11.28-10.04.27:924][  0]LogCollectionManager: Loaded 0 collections in 0.002098 seconds
[2020.11.28-10.04.28:036][  0]LogFileCache: Scanning file cache for directory 'I:/UnrealProjects/ActionRPG/Saved/Collections/' took 0.00s
[2020.11.28-10.04.28:037][  0]LogFileCache: Scanning file cache for directory 'I:/UnrealProjects/ActionRPG/Content/Developers/Administrator/Collections/' took 0.00s
[2020.11.28-10.04.28:037][  0]LogFileCache: Scanning file cache for directory 'I:/UnrealProjects/ActionRPG/Content/Collections/' took 0.00s
[2020.11.28-10.04.28:037][  0]LogContentBrowser: Native class hierarchy populated in 0.0111 seconds. Added 3362 classes and 704 folders.
[2020.11.28-10.04.28:167][  0]LogContentBrowser: Native class hierarchy updated for 'WidgetCarousel' in 0.0006 seconds. Added 0 classes and 0 folders.
[2020.11.28-10.04.29:100][  0]LogContentBrowser: Native class hierarchy updated for 'AddContentDialog' in 0.0006 seconds. Added 0 classes and 0 folders.
[2020.11.28-10.04.29:186][  0]LogContentBrowser: Native class hierarchy updated for 'SceneOutliner' in 0.0009 seconds. Added 2 classes and 3 folders.
[2020.11.28-10.04.29:552][  0]LogContentBrowser: Native class hierarchy updated for 'HierarchicalLODOutliner' in 0.0011 seconds. Added 0 classes and 0 folders.
[2020.11.28-10.04.29:553][  0]LogLoad: (Engine Initialization) Total time: 38.91 seconds
[2020.11.28-10.04.29:553][  0]LogLoad: (Engine Initialization) Total Blueprint compile time: 0.00 seconds
[2020.11.28-10.04.29:638][  0]LogContentStreaming: Texture pool size now 1000 MB
[2020.11.28-10.04.29:668][  0]LogSlate: Took 0.024680 seconds to synchronously load lazily loaded font '../../../Engine/Content/Slate/Fonts/Roboto-Regular.ttf' (155K)
[2020.11.28-10.04.29:682][  0]LogSlate: Took 0.011441 seconds to synchronously load lazily loaded font '../../../Engine/Content/Slate/Fonts/Roboto-Bold.ttf' (160K)
[2020.11.28-10.04.29:697][  0]LogSlate: Took 0.008202 seconds to synchronously load lazily loaded font '../../../Engine/Content/Editor/Slate/Fonts/FontAwesome.ttf' (139K)
[2020.11.28-10.04.29:799][  0]LogSlate: Took 0.001422 seconds to synchronously load lazily loaded font '../../../Engine/Content/Slate/Fonts/Roboto-Light.ttf' (167K)
[2020.11.28-10.04.29:845][  1]LogRenderer: Reallocating scene render targets to support 744x412 Format 10 NumSamples 1 (Frame:1).
[2020.11.28-10.04.30:090][  1]LogAssetRegistry: Asset discovery search completed in 23.7284 seconds
[2020.11.28-10.04.30:097][  1]LogStats: UGameplayCueManager::InitializeEditorObjectLibrary -  0.007 s
[2020.11.28-10.04.30:119][  1]LogCollectionManager: Fixed up redirectors for 0 collections in 0.000006 seconds (updated 0 objects)
[2020.11.28-10.04.31:225][  5]LogSlate: Took 0.000384 seconds to synchronously load lazily loaded font '../../../Engine/Content/Slate/Fonts/Roboto-Light.ttf' (167K)
[2020.11.28-10.05.58:870][533]LogRenderer: Reallocating scene render targets to support 744x640 Format 10 NumSamples 1 (Frame:278).
[2020.11.28-10.06.01:027][774]LogRenderer: Reallocating scene render targets to support 1124x656 Format 10 NumSamples 1 (Frame:510).
[2020.11.28-10.06.02:408][919]LogTemp: Repeating last play command: Selected Viewport
[2020.11.28-10.06.02:423][919]LogPlayLevel: PlayLevel: No blueprints needed recompiling
[2020.11.28-10.06.02:444][919]PIE: New page: PIE session: ActionRPG_P (Nov 29, 2020, 2:06:02 AM)
[2020.11.28-10.06.02:446][919]LogOnline: OSS: Creating online subsystem instance for: NULL
[2020.11.28-10.06.02:449][919]LogOnline: OSS: TryLoadSubsystemAndSetDefault: Loaded subsystem for module [NULL]
[2020.11.28-10.06.02:449][919]LogPlayLevel: Creating play world package: /Game/Maps/UEDPIE_0_ActionRPG_P
[2020.11.28-10.06.02:454][919]LogPlayLevel: PIE: StaticDuplicateObject took: (0.004827s)
[2020.11.28-10.06.02:455][919]LogAIModule: Creating AISystem for world ActionRPG_P
[2020.11.28-10.06.02:455][919]LogAISub: UAISubsystem::UAISubsystem EnvQueryManager (000001438E091600), frame # 919
[2020.11.28-10.06.02:456][919]LogAISub: UAISubsystem::UAISubsystem AIPerceptionSystem (00000143881E8900), frame # 919
[2020.11.28-10.06.02:456][919]LogPlayLevel: PIE: World Init took: (0.001660s)
[2020.11.28-10.06.02:456][919]LogPlayLevel: PIE: Created PIE world by copying editor world from /Game/Maps/ActionRPG_P.ActionRPG_P to /Game/Maps/UEDPIE_0_ActionRPG_P.ActionRPG_P (0.007059s)
[2020.11.28-10.06.02:469][919]LogUObjectHash: Compacting FUObjectHashTables data took   1.31ms
[2020.11.28-10.06.02:474][919]LogAudioMixer: Display: Audio Mixer Platform Settings:
[2020.11.28-10.06.02:474][919]LogAudioMixer: Display: 	Sample Rate:						  48000
[2020.11.28-10.06.02:474][919]LogAudioMixer: Display: 	Callback Buffer Frame Size Requested: 1024
[2020.11.28-10.06.02:474][919]LogAudioMixer: Display: 	Callback Buffer Frame Size To Use:	  1024
[2020.11.28-10.06.02:474][919]LogAudioMixer: Display: 	Number of buffers to queue:			  1
[2020.11.28-10.06.02:475][919]LogAudioMixer: Display: 	Max Channels (voices):				  0
[2020.11.28-10.06.02:475][919]LogAudioMixer: Display: 	Number of Async Source Workers:		  4
[2020.11.28-10.06.02:475][919]LogAudio: Display: AudioDevice MaxSources: 32
[2020.11.28-10.06.02:476][919]LogAudio: Display: Using built-in audio occlusion.
[2020.11.28-10.06.02:476][919]LogAudioMixer: Display: Initializing audio mixer.
[2020.11.28-10.06.02:499][919]LogAudioMixer: Display: 0: FrontLeft
[2020.11.28-10.06.02:499][919]LogAudioMixer: Display: 1: FrontRight
[2020.11.28-10.06.02:574][919]LogAudioMixer: Display: Using Audio Device 耳机 (High Definition Audio Device)
[2020.11.28-10.06.02:574][919]LogAudioMixer: Display: Initializing Sound Submixes...
[2020.11.28-10.06.02:574][919]LogAudioMixer: Display: Creating Master Submix 'MasterSubmixDefault'
[2020.11.28-10.06.02:575][919]LogAudioMixer: Display: Creating Master Submix 'MasterReverbSubmixDefault'
[2020.11.28-10.06.02:575][919]LogAudioMixer: Display: Creating Master Submix 'MasterEQSubmixDefault'
[2020.11.28-10.06.02:586][919]LogInit: FAudioDevice initialized.
[2020.11.28-10.06.02:596][919]LogBlueprintUserMessages: [BP_GameInstance_C_0] Loaded Save Game
[2020.11.28-10.06.02:600][919]LogLoad: Game class is 'BP_GameMode_C'
[2020.11.28-10.06.02:684][919]LogStreaming: Display: Flushing async loaders.
[2020.11.28-10.06.02:959][919]LoadErrors: Warning: CreateExport: Failed to load Outer for resource 'MeshComp': Function /Game/Blueprints/AnimNotifies/ShieldNS.ShieldNS_C:Received_NotifyBegin
[2020.11.28-10.06.02:959][919]LoadErrors: Warning: CreateExport: Failed to load Outer for resource 'MeshComp': Function /Game/Blueprints/AnimNotifies/ShieldNS.ShieldNS_C:Received_NotifyEnd
[2020.11.28-10.06.02:959][919]LoadErrors: Warning: CreateExport: Failed to load Outer for resource 'K2Node_DynamicCast_bSuccess': Function /Game/Blueprints/AnimNotifies/ShieldNS.ShieldNS_C:Received_NotifyBegin
[2020.11.28-10.06.02:960][919]LoadErrors: Warning: CreateExport: Failed to load Outer for resource 'ReturnValue': Function /Game/Blueprints/AnimNotifies/ShieldNS.ShieldNS_C:Received_NotifyBegin
[2020.11.28-10.06.02:960][919]LoadErrors: Warning: CreateExport: Failed to load Outer for resource 'K2Node_DynamicCast_bSuccess': Function /Game/Blueprints/AnimNotifies/ShieldNS.ShieldNS_C:Received_NotifyEnd
[2020.11.28-10.06.02:960][919]LoadErrors: Warning: CreateExport: Failed to load Outer for resource 'ReturnValue': Function /Game/Blueprints/AnimNotifies/ShieldNS.ShieldNS_C:Received_NotifyEnd
[2020.11.28-10.06.02:960][919]LoadErrors: Warning: CreateExport: Failed to load Outer for resource 'TotalDuration': Function /Game/Blueprints/AnimNotifies/ShieldNS.ShieldNS_C:Received_NotifyBegin
[2020.11.28-10.06.02:960][919]LoadErrors: Warning: CreateExport: Failed to load Outer for resource 'Animation': Function /Game/Blueprints/AnimNotifies/ShieldNS.ShieldNS_C:Received_NotifyBegin
[2020.11.28-10.06.02:960][919]LoadErrors: Warning: CreateExport: Failed to load Outer for resource 'CallFunc_GetAbilitySystemComponent_ReturnValue': Function /Game/Blueprints/AnimNotifies/ShieldNS.ShieldNS_C:Received_NotifyBegin
[2020.11.28-10.06.02:960][919]LoadErrors: Warning: CreateExport: Failed to load Outer for resource 'CallFunc_GetOwner_ReturnValue': Function /Game/Blueprints/AnimNotifies/ShieldNS.ShieldNS_C:Received_NotifyBegin
[2020.11.28-10.06.02:960][919]LoadErrors: Warning: CreateExport: Failed to load Outer for resource 'K2Node_DynamicCast_AsBP_Character': Function /Game/Blueprints/AnimNotifies/ShieldNS.ShieldNS_C:Received_NotifyBegin
[2020.11.28-10.06.02:960][919]LoadErrors: Warning: CreateExport: Failed to load Outer for resource 'Animation': Function /Game/Blueprints/AnimNotifies/ShieldNS.ShieldNS_C:Received_NotifyEnd
[2020.11.28-10.06.02:961][919]LoadErrors: Warning: CreateExport: Failed to load Outer for resource 'CallFunc_GetAbilitySystemComponent_ReturnValue': Function /Game/Blueprints/AnimNotifies/ShieldNS.ShieldNS_C:Received_NotifyEnd
[2020.11.28-10.06.02:961][919]LoadErrors: Warning: CreateExport: Failed to load Outer for resource 'CallFunc_GetOwner_ReturnValue': Function /Game/Blueprints/AnimNotifies/ShieldNS.ShieldNS_C:Received_NotifyEnd
[2020.11.28-10.06.02:961][919]LoadErrors: Warning: CreateExport: Failed to load Outer for resource 'K2Node_DynamicCast_AsBP_Character': Function /Game/Blueprints/AnimNotifies/ShieldNS.ShieldNS_C:Received_NotifyEnd
[2020.11.28-10.06.02:961][919]LoadErrors: Warning: CreateExport: Failed to load Outer for resource 'CallFunc_BP_ApplyGameplayEffectToSelf_ReturnValue': Function /Game/Blueprints/AnimNotifies/ShieldNS.ShieldNS_C:Received_NotifyBegin
[2020.11.28-10.06.02:961][919]LoadErrors: Warning: CreateExport: Failed to load Outer for resource 'MeshComp': Function /Game/Blueprints/AnimNotifies/SlomoNS.SlomoNS_C:Received_NotifyBegin
[2020.11.28-10.06.02:961][919]LoadErrors: Warning: CreateExport: Failed to load Outer for resource 'MeshComp': Function /Game/Blueprints/AnimNotifies/SlomoNS.SlomoNS_C:Received_NotifyEnd
[2020.11.28-10.06.02:961][919]LoadErrors: Warning: CreateExport: Failed to load Outer for resource 'ReturnValue': Function /Game/Blueprints/AnimNotifies/SlomoNS.SlomoNS_C:Received_NotifyBegin
[2020.11.28-10.06.02:961][919]LoadErrors: Warning: CreateExport: Failed to load Outer for resource 'ReturnValue': Function /Game/Blueprints/AnimNotifies/SlomoNS.SlomoNS_C:Received_NotifyEnd
[2020.11.28-10.06.02:961][919]LoadErrors: Warning: CreateExport: Failed to load Outer for resource 'TotalDuration': Function /Game/Blueprints/AnimNotifies/SlomoNS.SlomoNS_C:Received_NotifyBegin
[2020.11.28-10.06.02:961][919]LoadErrors: Warning: CreateExport: Failed to load Outer for resource 'Animation': Function /Game/Blueprints/AnimNotifies/SlomoNS.SlomoNS_C:Received_NotifyBegin
[2020.11.28-10.06.02:961][919]LoadErrors: Warning: CreateExport: Failed to load Outer for resource 'CallFunc_GetPlayerCharacterBP_MyCharacter': Function /Game/Blueprints/AnimNotifies/SlomoNS.SlomoNS_C:Received_NotifyBegin
[2020.11.28-10.06.02:961][919]LoadErrors: Warning: CreateExport: Failed to load Outer for resource 'Animation': Function /Game/Blueprints/AnimNotifies/SlomoNS.SlomoNS_C:Received_NotifyEnd
[2020.11.28-10.06.02:962][919]LoadErrors: Warning: CreateExport: Failed to load Outer for resource 'CallFunc_GetPlayerCharacterBP_MyCharacter': Function /Game/Blueprints/AnimNotifies/SlomoNS.SlomoNS_C:Received_NotifyEnd
[2020.11.28-10.06.02:963][919]LogWorld: Bringing World /Game/Maps/UEDPIE_0_ActionRPG_P.ActionRPG_P up for play (max tick rate 0) at 2020.11.28-18.06.02
[2020.11.28-10.06.02:995][919]LogWorld: Bringing up level for play took: 0.032630
[2020.11.28-10.06.02:996][919]LogOnline: OSS: Creating online subsystem instance for: :Context_1
[2020.11.28-10.06.03:013][919]LogContentBrowser: Native class hierarchy updated for 'MovieSceneCapture' in 0.0007 seconds. Added 20 classes and 0 folders.
[2020.11.28-10.06.03:016][919]LogLevel: ActivateLevel /Game/Maps/UEDPIE_0_ActionRPG_Dungeon02_Asset 1 1 1
[2020.11.28-10.06.03:016][919]PIE: Server logged in
[2020.11.28-10.06.03:018][919]PIE: Play in editor total start time 0.597 seconds.
[2020.11.28-10.07.13:754][967]LogAudioMixer: Display: Audio Buffer Underrun detected.
[2020.11.28-10.07.13:754][967]LogTemp: Resetting audio stream to device id 
[2020.11.28-10.07.13:803][967]LogAudioMixer: Display: 0: FrontLeft
[2020.11.28-10.07.13:803][967]LogAudioMixer: Display: 1: FrontRight
[2020.11.28-10.08.26:306][693]LogSlate: Updating window title bar state: overlay mode, drag disabled, window buttons hidden, title bar hidden
[2020.11.28-10.08.26:306][693]LogWorld: BeginTearingDown for /Game/Maps/UEDPIE_0_ActionRPG_P
[2020.11.28-10.08.26:308][693]LogWorld: UWorld::CleanupWorld for ActionRPG_P, bSessionEnded=true, bCleanupResources=true
[2020.11.28-10.08.26:308][693]LogSlate: InvalidateAllWidgets triggered.  All widgets were invalidated
[2020.11.28-10.08.26:352][693]LogPlayLevel: Display: Shutting down PIE online subsystems
[2020.11.28-10.08.26:355][693]LogSlate: InvalidateAllWidgets triggered.  All widgets were invalidated
[2020.11.28-10.08.26:366][693]LogSlate: Updating window title bar state: overlay mode, drag disabled, window buttons hidden, title bar hidden
[2020.11.28-10.08.26:405][693]LogAISub: UAISubsystem::~UAISubsystem AIPerceptionSystem (00000143881E8900), frame # 4693
[2020.11.28-10.08.26:405][693]LogAISub: UAISubsystem::~UAISubsystem EnvQueryManager (000001438E091600), frame # 4693
[2020.11.28-10.08.26:407][693]LogUObjectHash: Compacting FUObjectHashTables data took   1.61ms
[2020.11.28-10.08.26:475][694]LogPlayLevel: Display: Destroying online subsystem :Context_1
[2020.11.28-10.08.26:487][694]LogUObjectHash: Compacting FUObjectHashTables data took   1.38ms
